Performing C++ SOURCE FILE Test CMAKE_HAVE_LIBC_PTHREAD failed with the following output:
Change Dir: /home/zdenkopavlik/work/dockerTesting/build/CMakeFiles/CMakeTmp

Run Build Command(s):/usr/bin/make cmTC_7d08d/fast && /usr/bin/make  -f CMakeFiles/cmTC_7d08d.dir/build.make CMakeFiles/cmTC_7d08d.dir/build
make[1]: Entering directory '/home/zdenkopavlik/work/dockerTesting/build/CMakeFiles/CMakeTmp'
Building CXX object CMakeFiles/cmTC_7d08d.dir/src.cxx.o
/usr/lib/ccache/g++-7    -DCMAKE_HAVE_LIBC_PTHREAD   -o CMakeFiles/cmTC_7d08d.dir/src.cxx.o -c /home/zdenkopavlik/work/dockerTesting/build/CMakeFiles/CMakeTmp/src.cxx
Linking CXX executable cmTC_7d08d
/usr/local/lib/python3.6/dist-packages/cmake/data/bin/cmake -E cmake_link_script CMakeFiles/cmTC_7d08d.dir/link.txt --verbose=1
/usr/lib/ccache/g++-7   -DCMAKE_HAVE_LIBC_PTHREAD    CMakeFiles/cmTC_7d08d.dir/src.cxx.o  -o cmTC_7d08d 
CMakeFiles/cmTC_7d08d.dir/src.cxx.o: In function `main':
src.cxx:(.text+0x3e): undefined reference to `pthread_create'
src.cxx:(.text+0x4a): undefined reference to `pthread_detach'
src.cxx:(.text+0x5b): undefined reference to `pthread_join'
src.cxx:(.text+0x6f): undefined reference to `pthread_atfork'
collect2: error: ld returned 1 exit status
distcc[12469] ERROR: compile (null) on localhost failed
CMakeFiles/cmTC_7d08d.dir/build.make:89: recipe for target 'cmTC_7d08d' failed
make[1]: *** [cmTC_7d08d] Error 1
make[1]: Leaving directory '/home/zdenkopavlik/work/dockerTesting/build/CMakeFiles/CMakeTmp'
Makefile:124: recipe for target 'cmTC_7d08d/fast' failed
make: *** [cmTC_7d08d/fast] Error 2


Source file was:
#include <pthread.h>

void* test_func(void* data)
{
  return data;
}

int main(void)
{
  pthread_t thread;
  pthread_create(&thread, NULL, test_func, NULL);
  pthread_detach(thread);
  pthread_join(thread, NULL);
  pthread_atfork(NULL, NULL, NULL);
  pthread_exit(NULL);

  return 0;
}

Determining if the function pthread_create exists in the pthreads failed with the following output:
Change Dir: /home/zdenkopavlik/work/dockerTesting/build/CMakeFiles/CMakeTmp

Run Build Command(s):/usr/bin/make cmTC_3340c/fast && /usr/bin/make  -f CMakeFiles/cmTC_3340c.dir/build.make CMakeFiles/cmTC_3340c.dir/build
make[1]: Entering directory '/home/zdenkopavlik/work/dockerTesting/build/CMakeFiles/CMakeTmp'
Building CXX object CMakeFiles/cmTC_3340c.dir/CheckFunctionExists.cxx.o
/usr/lib/ccache/g++-7    -DCHECK_FUNCTION_EXISTS=pthread_create   -o CMakeFiles/cmTC_3340c.dir/CheckFunctionExists.cxx.o -c /home/zdenkopavlik/work/dockerTesting/build/CMakeFiles/CheckLibraryExists/CheckFunctionExists.cxx
Linking CXX executable cmTC_3340c
/usr/local/lib/python3.6/dist-packages/cmake/data/bin/cmake -E cmake_link_script CMakeFiles/cmTC_3340c.dir/link.txt --verbose=1
/usr/lib/ccache/g++-7   -DCHECK_FUNCTION_EXISTS=pthread_create    CMakeFiles/cmTC_3340c.dir/CheckFunctionExists.cxx.o  -o cmTC_3340c  -lpthreads 
/usr/bin/ld: cannot find -lpthreads
collect2: error: ld returned 1 exit status
distcc[12486] ERROR: compile (null) on localhost failed
CMakeFiles/cmTC_3340c.dir/build.make:89: recipe for target 'cmTC_3340c' failed
make[1]: *** [cmTC_3340c] Error 1
make[1]: Leaving directory '/home/zdenkopavlik/work/dockerTesting/build/CMakeFiles/CMakeTmp'
Makefile:124: recipe for target 'cmTC_3340c/fast' failed
make: *** [cmTC_3340c/fast] Error 2



